[26-Jun-2017 03:06:26 UTC] PHP Parse error:  syntax error, unexpected ':' in C:\server\httpd\Apache24\htdocs\backend\login\dbconn.php on line 3
[26-Jun-2017 03:08:06 UTC] PHP Fatal error:  Cannot use [] for reading in C:\server\httpd\Apache24\htdocs\backend\login\dbconn.php on line 7
[26-Jun-2017 03:08:55 UTC] PHP Warning:  mysqli::__construct(): (HY000/1045): Access denied for user 'users'@'localhost' (using password: YES) in C:\server\httpd\Apache24\htdocs\backend\login\dbconn.php on line 9
[26-Jun-2017 03:08:55 UTC] PHP Warning:  mysqli::prepare(): Couldn't fetch mysqli in C:\server\httpd\Apache24\htdocs\backend\login\signup_form.php on line 6
[26-Jun-2017 03:08:55 UTC] PHP Fatal error:  Uncaught Error: Call to a member function bind_param() on null in C:\server\httpd\Apache24\htdocs\backend\login\signup_form.php:8
Stack trace:
#0 {main}
  thrown in C:\server\httpd\Apache24\htdocs\backend\login\signup_form.php on line 8
[26-Jun-2017 03:11:48 UTC] PHP Fatal error:  Uncaught Error: Call to a member function bind_param() on boolean in C:\server\httpd\Apache24\htdocs\backend\login\signup_form.php:8
Stack trace:
#0 {main}
  thrown in C:\server\httpd\Apache24\htdocs\backend\login\signup_form.php on line 8
[26-Jun-2017 03:15:17 UTC] PHP Fatal error:  Uncaught Error: Call to a member function bind_param() on boolean in C:\server\httpd\Apache24\htdocs\backend\login\signup_form.php:8
Stack trace:
#0 {main}
  thrown in C:\server\httpd\Apache24\htdocs\backend\login\signup_form.php on line 8
[26-Jun-2017 03:17:35 UTC] PHP Fatal error:  Uncaught Error: Call to a member function bind_param() on boolean in C:\server\httpd\Apache24\htdocs\backend\login\signup_form.php:8
Stack trace:
#0 {main}
  thrown in C:\server\httpd\Apache24\htdocs\backend\login\signup_form.php on line 8
[26-Jun-2017 03:18:24 UTC] PHP Fatal error:  Uncaught Error: Call to a member function bind_param() on boolean in C:\server\httpd\Apache24\htdocs\backend\login\signup_form.php:8
Stack trace:
#0 {main}
  thrown in C:\server\httpd\Apache24\htdocs\backend\login\signup_form.php on line 8
[26-Jun-2017 04:34:15 UTC] PHP Parse error:  syntax error, unexpected ';' in C:\server\httpd\Apache24\htdocs\backend\login\signup_form.php on line 24
[26-Jun-2017 04:35:52 UTC] PHP Parse error:  syntax error, unexpected ';' in C:\server\httpd\Apache24\htdocs\backend\login\signup_form.php on line 24
[26-Jun-2017 04:38:19 UTC] PHP Parse error:  syntax error, unexpected ';' in C:\server\httpd\Apache24\htdocs\backend\login\signup_form.php on line 24
[26-Jun-2017 04:38:34 UTC] PHP Parse error:  syntax error, unexpected ';' in C:\server\httpd\Apache24\htdocs\backend\login\signup_form.php on line 24
[26-Jun-2017 04:39:14 UTC] PHP Parse error:  syntax error, unexpected ';' in C:\server\httpd\Apache24\htdocs\backend\login\signup_form.php on line 24
[26-Jun-2017 04:41:31 UTC] PHP Parse error:  syntax error, unexpected 'exit' (T_EXIT) in C:\server\httpd\Apache24\htdocs\backend\login\signup_form.php on line 25
[26-Jun-2017 04:41:48 UTC] PHP Parse error:  syntax error, unexpected ';' in C:\server\httpd\Apache24\htdocs\backend\login\signup_form.php on line 24
[26-Jun-2017 04:42:42 UTC] PHP Parse error:  syntax error, unexpected ';' in C:\server\httpd\Apache24\htdocs\backend\login\signup_form.php on line 28
[26-Jun-2017 04:43:46 UTC] PHP Parse error:  syntax error, unexpected ';' in C:\server\httpd\Apache24\htdocs\backend\login\signup_form.php on line 24
[26-Jun-2017 04:46:54 UTC] PHP Parse error:  syntax error, unexpected ';' in C:\server\httpd\Apache24\htdocs\backend\login\signup_form.php on line 24
[26-Jun-2017 04:47:53 UTC] PHP Parse error:  syntax error, unexpected ';' in C:\server\httpd\Apache24\htdocs\backend\login\signup_form.php on line 24
[26-Jun-2017 04:50:53 UTC] PHP Parse error:  syntax error, unexpected ';' in C:\server\httpd\Apache24\htdocs\backend\login\signup_form.php on line 25
[26-Jun-2017 04:55:21 UTC] PHP Parse error:  syntax error, unexpected ';' in C:\server\httpd\Apache24\htdocs\backend\login\signup_form.php on line 24
[26-Jun-2017 04:56:05 UTC] PHP Parse error:  syntax error, unexpected 'echo' (T_ECHO) in C:\server\httpd\Apache24\htdocs\backend\login\signup_form.php on line 24
[26-Jun-2017 04:57:14 UTC] PHP Parse error:  syntax error, unexpected ';' in C:\server\httpd\Apache24\htdocs\backend\login\signup_form.php on line 25
[26-Jun-2017 04:59:54 UTC] PHP Parse error:  syntax error, unexpected ';' in C:\server\httpd\Apache24\htdocs\backend\login\signup_form.php on line 24
[26-Jun-2017 05:00:19 UTC] PHP Parse error:  syntax error, unexpected ';' in C:\server\httpd\Apache24\htdocs\backend\login\signup_form.php on line 24
[26-Jun-2017 05:01:04 UTC] PHP Parse error:  syntax error, unexpected ';' in C:\server\httpd\Apache24\htdocs\backend\login\signup_form.php on line 24
[26-Jun-2017 05:03:03 UTC] PHP Parse error:  syntax error, unexpected '{', expecting '(' in C:\server\httpd\Apache24\htdocs\backend\login\signup_form.php on line 30
[26-Jun-2017 05:04:19 UTC] PHP Parse error:  syntax error, unexpected '{', expecting '(' in C:\server\httpd\Apache24\htdocs\backend\login\signup_form.php on line 30
[26-Jun-2017 05:06:57 UTC] PHP Parse error:  syntax error, unexpected '}', expecting end of file in C:\server\httpd\Apache24\htdocs\backend\login\signup_form.php on line 43
[26-Jun-2017 05:07:32 UTC] PHP Parse error:  syntax error, unexpected 'else' (T_ELSE) in C:\server\httpd\Apache24\htdocs\backend\login\signup_form.php on line 43
[26-Jun-2017 05:08:44 UTC] PHP Parse error:  syntax error, unexpected ';' in C:\server\httpd\Apache24\htdocs\backend\login\signup_form.php on line 23
[26-Jun-2017 05:09:26 UTC] PHP Parse error:  syntax error, unexpected '||' (T_BOOLEAN_OR) in C:\server\httpd\Apache24\htdocs\backend\login\signup_form.php on line 22
[26-Jun-2017 05:11:28 UTC] PHP Parse error:  syntax error, unexpected ';' in C:\server\httpd\Apache24\htdocs\backend\login\signup_form.php on line 26
[26-Jun-2017 05:12:18 UTC] PHP Parse error:  syntax error, unexpected 'else' (T_ELSE) in C:\server\httpd\Apache24\htdocs\backend\login\signup_form.php on line 41
[26-Jun-2017 05:22:12 UTC] PHP Parse error:  syntax error, unexpected ')' in C:\server\httpd\Apache24\htdocs\backend\login\signup_form.php on line 28
[26-Jun-2017 05:22:25 UTC] PHP Parse error:  syntax error, unexpected '{', expecting '(' in C:\server\httpd\Apache24\htdocs\backend\login\signup_form.php on line 28
[26-Jun-2017 05:22:47 UTC] PHP Parse error:  syntax error, unexpected '{', expecting '(' in C:\server\httpd\Apache24\htdocs\backend\login\signup_form.php on line 28
[26-Jun-2017 05:31:25 UTC] PHP Parse error:  syntax error, unexpected 'else' (T_ELSE) in C:\server\httpd\Apache24\htdocs\backend\login\signup_form.php on line 40
[26-Jun-2017 05:32:07 UTC] PHP Parse error:  syntax error, unexpected '{', expecting '(' in C:\server\httpd\Apache24\htdocs\backend\login\signup_form.php on line 40
[26-Jun-2017 05:33:00 UTC] PHP Parse error:  syntax error, unexpected 'else' (T_ELSE) in C:\server\httpd\Apache24\htdocs\backend\login\signup_form.php on line 28
[26-Jun-2017 14:46:04 UTC] PHP Notice:  Undefined variable: email in C:\server\httpd\Apache24\htdocs\backend\login\login.php on line 7
[26-Jun-2017 14:46:04 UTC] PHP Notice:  Undefined variable: conn in C:\server\httpd\Apache24\htdocs\backend\login\login.php on line 11
[26-Jun-2017 14:46:04 UTC] PHP Fatal error:  Uncaught Error: Call to a member function query() on null in C:\server\httpd\Apache24\htdocs\backend\login\login.php:11
Stack trace:
#0 {main}
  thrown in C:\server\httpd\Apache24\htdocs\backend\login\login.php on line 11
[26-Jun-2017 14:48:45 UTC] PHP Notice:  Undefined variable: email in C:\server\httpd\Apache24\htdocs\backend\login\login.php on line 7
[26-Jun-2017 14:48:45 UTC] PHP Warning:  mysqli::query() expects parameter 1 to be string, object given in C:\server\httpd\Apache24\htdocs\backend\login\login.php on line 14
[26-Jun-2017 14:48:45 UTC] PHP Warning:  Creating default object from empty value in C:\server\httpd\Apache24\htdocs\backend\login\login.php on line 20
[26-Jun-2017 14:50:53 UTC] PHP Notice:  Undefined variable: email in C:\server\httpd\Apache24\htdocs\backend\login\login.php on line 7
[26-Jun-2017 14:50:53 UTC] PHP Warning:  mysqli::query() expects parameter 1 to be string, object given in C:\server\httpd\Apache24\htdocs\backend\login\login.php on line 14
[26-Jun-2017 14:50:53 UTC] PHP Warning:  Creating default object from empty value in C:\server\httpd\Apache24\htdocs\backend\login\login.php on line 20
[27-Jun-2017 14:57:01 UTC] PHP Fatal error:  Uncaught Error: Call to undefined function mysqli_real_scape_string() in C:\server\httpd\Apache24\htdocs\backend\login\login.php:15
Stack trace:
#0 {main}
  thrown in C:\server\httpd\Apache24\htdocs\backend\login\login.php on line 15
[27-Jun-2017 15:00:13 UTC] PHP Notice:  Undefined index: user in C:\server\httpd\Apache24\htdocs\backend\login\login.php on line 15
[27-Jun-2017 15:00:13 UTC] PHP Notice:  Undefined index: pwd in C:\server\httpd\Apache24\htdocs\backend\login\login.php on line 16
[27-Jun-2017 15:00:13 UTC] PHP Notice:  Undefined index: user in C:\server\httpd\Apache24\htdocs\backend\login\login.php on line 15
[27-Jun-2017 15:00:13 UTC] PHP Notice:  Undefined index: pwd in C:\server\httpd\Apache24\htdocs\backend\login\login.php on line 16
[27-Jun-2017 15:00:13 UTC] PHP Notice:  Undefined index: user in C:\server\httpd\Apache24\htdocs\backend\login\login.php on line 15
[27-Jun-2017 15:00:13 UTC] PHP Notice:  Undefined index: pwd in C:\server\httpd\Apache24\htdocs\backend\login\login.php on line 16
[27-Jun-2017 15:00:13 UTC] PHP Notice:  Undefined index: user in C:\server\httpd\Apache24\htdocs\backend\login\login.php on line 15
[27-Jun-2017 15:00:13 UTC] PHP Notice:  Undefined index: pwd in C:\server\httpd\Apache24\htdocs\backend\login\login.php on line 16
[27-Jun-2017 15:00:13 UTC] PHP Notice:  Undefined index: user in C:\server\httpd\Apache24\htdocs\backend\login\login.php on line 15
[27-Jun-2017 15:00:13 UTC] PHP Notice:  Undefined index: pwd in C:\server\httpd\Apache24\htdocs\backend\login\login.php on line 16
[27-Jun-2017 15:00:13 UTC] PHP Notice:  Undefined index: user in C:\server\httpd\Apache24\htdocs\backend\login\login.php on line 15
[27-Jun-2017 15:00:13 UTC] PHP Notice:  Undefined index: pwd in C:\server\httpd\Apache24\htdocs\backend\login\login.php on line 16
[27-Jun-2017 15:00:13 UTC] PHP Notice:  Undefined index: user in C:\server\httpd\Apache24\htdocs\backend\login\login.php on line 15
[27-Jun-2017 15:00:13 UTC] PHP Notice:  Undefined index: pwd in C:\server\httpd\Apache24\htdocs\backend\login\login.php on line 16
[27-Jun-2017 15:00:13 UTC] PHP Notice:  Undefined index: user in C:\server\httpd\Apache24\htdocs\backend\login\login.php on line 15
[27-Jun-2017 15:00:13 UTC] PHP Notice:  Undefined index: pwd in C:\server\httpd\Apache24\htdocs\backend\login\login.php on line 16
[27-Jun-2017 15:00:14 UTC] PHP Notice:  Undefined index: user in C:\server\httpd\Apache24\htdocs\backend\login\login.php on line 15
[27-Jun-2017 15:00:14 UTC] PHP Notice:  Undefined index: pwd in C:\server\httpd\Apache24\htdocs\backend\login\login.php on line 16
[27-Jun-2017 15:00:14 UTC] PHP Notice:  Undefined index: user in C:\server\httpd\Apache24\htdocs\backend\login\login.php on line 15
[27-Jun-2017 15:00:14 UTC] PHP Notice:  Undefined index: pwd in C:\server\httpd\Apache24\htdocs\backend\login\login.php on line 16
[27-Jun-2017 15:00:14 UTC] PHP Notice:  Undefined index: user in C:\server\httpd\Apache24\htdocs\backend\login\login.php on line 15
[27-Jun-2017 15:00:14 UTC] PHP Notice:  Undefined index: pwd in C:\server\httpd\Apache24\htdocs\backend\login\login.php on line 16
[27-Jun-2017 15:00:14 UTC] PHP Notice:  Undefined index: user in C:\server\httpd\Apache24\htdocs\backend\login\login.php on line 15
[27-Jun-2017 15:00:14 UTC] PHP Notice:  Undefined index: pwd in C:\server\httpd\Apache24\htdocs\backend\login\login.php on line 16
[27-Jun-2017 15:00:14 UTC] PHP Notice:  Undefined index: user in C:\server\httpd\Apache24\htdocs\backend\login\login.php on line 15
[27-Jun-2017 15:00:14 UTC] PHP Notice:  Undefined index: pwd in C:\server\httpd\Apache24\htdocs\backend\login\login.php on line 16
[27-Jun-2017 15:00:14 UTC] PHP Notice:  Undefined index: user in C:\server\httpd\Apache24\htdocs\backend\login\login.php on line 15
[27-Jun-2017 15:00:14 UTC] PHP Notice:  Undefined index: pwd in C:\server\httpd\Apache24\htdocs\backend\login\login.php on line 16
[27-Jun-2017 15:00:14 UTC] PHP Notice:  Undefined index: user in C:\server\httpd\Apache24\htdocs\backend\login\login.php on line 15
[27-Jun-2017 15:00:14 UTC] PHP Notice:  Undefined index: pwd in C:\server\httpd\Apache24\htdocs\backend\login\login.php on line 16
[27-Jun-2017 15:00:14 UTC] PHP Notice:  Undefined index: user in C:\server\httpd\Apache24\htdocs\backend\login\login.php on line 15
[27-Jun-2017 15:00:14 UTC] PHP Notice:  Undefined index: pwd in C:\server\httpd\Apache24\htdocs\backend\login\login.php on line 16
[27-Jun-2017 15:00:14 UTC] PHP Notice:  Undefined index: user in C:\server\httpd\Apache24\htdocs\backend\login\login.php on line 15
[27-Jun-2017 15:00:14 UTC] PHP Notice:  Undefined index: pwd in C:\server\httpd\Apache24\htdocs\backend\login\login.php on line 16
[27-Jun-2017 15:00:14 UTC] PHP Notice:  Undefined index: user in C:\server\httpd\Apache24\htdocs\backend\login\login.php on line 15
[27-Jun-2017 15:00:14 UTC] PHP Notice:  Undefined index: pwd in C:\server\httpd\Apache24\htdocs\backend\login\login.php on line 16
[27-Jun-2017 15:00:14 UTC] PHP Notice:  Undefined index: user in C:\server\httpd\Apache24\htdocs\backend\login\login.php on line 15
[27-Jun-2017 15:00:14 UTC] PHP Notice:  Undefined index: pwd in C:\server\httpd\Apache24\htdocs\backend\login\login.php on line 16
[27-Jun-2017 15:00:14 UTC] PHP Notice:  Undefined index: user in C:\server\httpd\Apache24\htdocs\backend\login\login.php on line 15
[27-Jun-2017 15:00:14 UTC] PHP Notice:  Undefined index: pwd in C:\server\httpd\Apache24\htdocs\backend\login\login.php on line 16
[27-Jun-2017 15:00:14 UTC] PHP Notice:  Undefined index: user in C:\server\httpd\Apache24\htdocs\backend\login\login.php on line 15
[27-Jun-2017 15:00:14 UTC] PHP Notice:  Undefined index: pwd in C:\server\httpd\Apache24\htdocs\backend\login\login.php on line 16
[27-Jun-2017 15:00:14 UTC] PHP Notice:  Undefined index: user in C:\server\httpd\Apache24\htdocs\backend\login\login.php on line 15
[27-Jun-2017 15:00:14 UTC] PHP Notice:  Undefined index: pwd in C:\server\httpd\Apache24\htdocs\backend\login\login.php on line 16
[27-Jun-2017 15:00:14 UTC] PHP Notice:  Undefined index: user in C:\server\httpd\Apache24\htdocs\backend\login\login.php on line 15
[27-Jun-2017 15:00:14 UTC] PHP Notice:  Undefined index: pwd in C:\server\httpd\Apache24\htdocs\backend\login\login.php on line 16
[27-Jun-2017 15:00:14 UTC] PHP Notice:  Undefined index: user in C:\server\httpd\Apache24\htdocs\backend\login\login.php on line 15
[27-Jun-2017 15:00:14 UTC] PHP Notice:  Undefined index: pwd in C:\server\httpd\Apache24\htdocs\backend\login\login.php on line 16
[27-Jun-2017 15:00:14 UTC] PHP Notice:  Undefined index: user in C:\server\httpd\Apache24\htdocs\backend\login\login.php on line 15
[27-Jun-2017 15:00:14 UTC] PHP Notice:  Undefined index: pwd in C:\server\httpd\Apache24\htdocs\backend\login\login.php on line 16
[27-Jun-2017 15:00:14 UTC] PHP Notice:  Undefined index: user in C:\server\httpd\Apache24\htdocs\backend\login\login.php on line 15
[27-Jun-2017 15:00:14 UTC] PHP Notice:  Undefined index: pwd in C:\server\httpd\Apache24\htdocs\backend\login\login.php on line 16
[27-Jun-2017 15:00:14 UTC] PHP Notice:  Undefined index: user in C:\server\httpd\Apache24\htdocs\backend\login\login.php on line 15
[27-Jun-2017 15:00:14 UTC] PHP Notice:  Undefined index: pwd in C:\server\httpd\Apache24\htdocs\backend\login\login.php on line 16
[27-Jun-2017 15:00:14 UTC] PHP Notice:  Undefined index: user in C:\server\httpd\Apache24\htdocs\backend\login\login.php on line 15
[27-Jun-2017 15:00:14 UTC] PHP Notice:  Undefined index: pwd in C:\server\httpd\Apache24\htdocs\backend\login\login.php on line 16
[27-Jun-2017 15:00:14 UTC] PHP Notice:  Undefined index: user in C:\server\httpd\Apache24\htdocs\backend\login\login.php on line 15
[27-Jun-2017 15:00:14 UTC] PHP Notice:  Undefined index: pwd in C:\server\httpd\Apache24\htdocs\backend\login\login.php on line 16
[27-Jun-2017 15:00:14 UTC] PHP Notice:  Undefined index: user in C:\server\httpd\Apache24\htdocs\backend\login\login.php on line 15
[27-Jun-2017 15:00:14 UTC] PHP Notice:  Undefined index: pwd in C:\server\httpd\Apache24\htdocs\backend\login\login.php on line 16
[27-Jun-2017 15:00:14 UTC] PHP Notice:  Undefined index: user in C:\server\httpd\Apache24\htdocs\backend\login\login.php on line 15
[27-Jun-2017 15:00:14 UTC] PHP Notice:  Undefined index: pwd in C:\server\httpd\Apache24\htdocs\backend\login\login.php on line 16
[27-Jun-2017 15:00:14 UTC] PHP Notice:  Undefined index: user in C:\server\httpd\Apache24\htdocs\backend\login\login.php on line 15
[27-Jun-2017 15:00:14 UTC] PHP Notice:  Undefined index: pwd in C:\server\httpd\Apache24\htdocs\backend\login\login.php on line 16
[27-Jun-2017 15:00:14 UTC] PHP Notice:  Undefined index: user in C:\server\httpd\Apache24\htdocs\backend\login\login.php on line 15
[27-Jun-2017 15:00:14 UTC] PHP Notice:  Undefined index: pwd in C:\server\httpd\Apache24\htdocs\backend\login\login.php on line 16
[27-Jun-2017 15:00:14 UTC] PHP Notice:  Undefined index: user in C:\server\httpd\Apache24\htdocs\backend\login\login.php on line 15
[27-Jun-2017 15:00:14 UTC] PHP Notice:  Undefined index: pwd in C:\server\httpd\Apache24\htdocs\backend\login\login.php on line 16
[27-Jun-2017 15:00:14 UTC] PHP Notice:  Undefined index: user in C:\server\httpd\Apache24\htdocs\backend\login\login.php on line 15
[27-Jun-2017 15:00:14 UTC] PHP Notice:  Undefined index: pwd in C:\server\httpd\Apache24\htdocs\backend\login\login.php on line 16
[27-Jun-2017 15:00:14 UTC] PHP Notice:  Undefined index: user in C:\server\httpd\Apache24\htdocs\backend\login\login.php on line 15
[27-Jun-2017 15:00:14 UTC] PHP Notice:  Undefined index: pwd in C:\server\httpd\Apache24\htdocs\backend\login\login.php on line 16
[27-Jun-2017 15:00:14 UTC] PHP Notice:  Undefined index: user in C:\server\httpd\Apache24\htdocs\backend\login\login.php on line 15
[27-Jun-2017 15:00:14 UTC] PHP Notice:  Undefined index: pwd in C:\server\httpd\Apache24\htdocs\backend\login\login.php on line 16
[27-Jun-2017 15:00:14 UTC] PHP Notice:  Undefined index: user in C:\server\httpd\Apache24\htdocs\backend\login\login.php on line 15
[27-Jun-2017 15:00:14 UTC] PHP Notice:  Undefined index: pwd in C:\server\httpd\Apache24\htdocs\backend\login\login.php on line 16
[27-Jun-2017 15:00:14 UTC] PHP Notice:  Undefined index: user in C:\server\httpd\Apache24\htdocs\backend\login\login.php on line 15
[27-Jun-2017 15:00:14 UTC] PHP Notice:  Undefined index: pwd in C:\server\httpd\Apache24\htdocs\backend\login\login.php on line 16
[27-Jun-2017 15:00:14 UTC] PHP Notice:  Undefined index: user in C:\server\httpd\Apache24\htdocs\backend\login\login.php on line 15
[27-Jun-2017 15:00:14 UTC] PHP Notice:  Undefined index: pwd in C:\server\httpd\Apache24\htdocs\backend\login\login.php on line 16
[27-Jun-2017 15:00:14 UTC] PHP Notice:  Undefined index: user in C:\server\httpd\Apache24\htdocs\backend\login\login.php on line 15
[27-Jun-2017 15:00:14 UTC] PHP Notice:  Undefined index: pwd in C:\server\httpd\Apache24\htdocs\backend\login\login.php on line 16
[27-Jun-2017 15:01:33 UTC] PHP Notice:  Undefined index: user in C:\server\httpd\Apache24\htdocs\backend\login\login.php on line 15
[27-Jun-2017 15:01:33 UTC] PHP Notice:  Undefined index: pwd in C:\server\httpd\Apache24\htdocs\backend\login\login.php on line 16
[27-Jun-2017 15:01:33 UTC] PHP Notice:  Undefined index: user in C:\server\httpd\Apache24\htdocs\backend\login\login.php on line 15
[27-Jun-2017 15:01:33 UTC] PHP Notice:  Undefined index: pwd in C:\server\httpd\Apache24\htdocs\backend\login\login.php on line 16
[27-Jun-2017 15:01:33 UTC] PHP Notice:  Undefined index: user in C:\server\httpd\Apache24\htdocs\backend\login\login.php on line 15
[27-Jun-2017 15:01:33 UTC] PHP Notice:  Undefined index: pwd in C:\server\httpd\Apache24\htdocs\backend\login\login.php on line 16
[27-Jun-2017 15:01:33 UTC] PHP Notice:  Undefined index: user in C:\server\httpd\Apache24\htdocs\backend\login\login.php on line 15
[27-Jun-2017 15:01:33 UTC] PHP Notice:  Undefined index: pwd in C:\server\httpd\Apache24\htdocs\backend\login\login.php on line 16
[27-Jun-2017 15:01:33 UTC] PHP Notice:  Undefined index: user in C:\server\httpd\Apache24\htdocs\backend\login\login.php on line 15
[27-Jun-2017 15:01:33 UTC] PHP Notice:  Undefined index: pwd in C:\server\httpd\Apache24\htdocs\backend\login\login.php on line 16
[27-Jun-2017 15:01:33 UTC] PHP Notice:  Undefined index: user in C:\server\httpd\Apache24\htdocs\backend\login\login.php on line 15
[27-Jun-2017 15:01:33 UTC] PHP Notice:  Undefined index: pwd in C:\server\httpd\Apache24\htdocs\backend\login\login.php on line 16
[27-Jun-2017 15:01:33 UTC] PHP Notice:  Undefined index: user in C:\server\httpd\Apache24\htdocs\backend\login\login.php on line 15
[27-Jun-2017 15:01:33 UTC] PHP Notice:  Undefined index: pwd in C:\server\httpd\Apache24\htdocs\backend\login\login.php on line 16
[27-Jun-2017 15:01:33 UTC] PHP Notice:  Undefined index: user in C:\server\httpd\Apache24\htdocs\backend\login\login.php on line 15
[27-Jun-2017 15:01:33 UTC] PHP Notice:  Undefined index: pwd in C:\server\httpd\Apache24\htdocs\backend\login\login.php on line 16
[27-Jun-2017 15:01:33 UTC] PHP Notice:  Undefined index: user in C:\server\httpd\Apache24\htdocs\backend\login\login.php on line 15
[27-Jun-2017 15:01:33 UTC] PHP Notice:  Undefined index: pwd in C:\server\httpd\Apache24\htdocs\backend\login\login.php on line 16
[27-Jun-2017 15:01:33 UTC] PHP Notice:  Undefined index: user in C:\server\httpd\Apache24\htdocs\backend\login\login.php on line 15
[27-Jun-2017 15:01:33 UTC] PHP Notice:  Undefined index: pwd in C:\server\httpd\Apache24\htdocs\backend\login\login.php on line 16
[27-Jun-2017 15:01:33 UTC] PHP Notice:  Undefined index: user in C:\server\httpd\Apache24\htdocs\backend\login\login.php on line 15
[27-Jun-2017 15:01:33 UTC] PHP Notice:  Undefined index: pwd in C:\server\httpd\Apache24\htdocs\backend\login\login.php on line 16
[27-Jun-2017 15:01:33 UTC] PHP Notice:  Undefined index: user in C:\server\httpd\Apache24\htdocs\backend\login\login.php on line 15
[27-Jun-2017 15:01:33 UTC] PHP Notice:  Undefined index: pwd in C:\server\httpd\Apache24\htdocs\backend\login\login.php on line 16
[27-Jun-2017 15:01:33 UTC] PHP Notice:  Undefined index: user in C:\server\httpd\Apache24\htdocs\backend\login\login.php on line 15
[27-Jun-2017 15:01:33 UTC] PHP Notice:  Undefined index: pwd in C:\server\httpd\Apache24\htdocs\backend\login\login.php on line 16
[27-Jun-2017 15:01:33 UTC] PHP Notice:  Undefined index: user in C:\server\httpd\Apache24\htdocs\backend\login\login.php on line 15
[27-Jun-2017 15:01:33 UTC] PHP Notice:  Undefined index: pwd in C:\server\httpd\Apache24\htdocs\backend\login\login.php on line 16
[27-Jun-2017 15:01:33 UTC] PHP Notice:  Undefined index: user in C:\server\httpd\Apache24\htdocs\backend\login\login.php on line 15
[27-Jun-2017 15:01:33 UTC] PHP Notice:  Undefined index: pwd in C:\server\httpd\Apache24\htdocs\backend\login\login.php on line 16
[27-Jun-2017 15:01:33 UTC] PHP Notice:  Undefined index: user in C:\server\httpd\Apache24\htdocs\backend\login\login.php on line 15
[27-Jun-2017 15:01:33 UTC] PHP Notice:  Undefined index: pwd in C:\server\httpd\Apache24\htdocs\backend\login\login.php on line 16
[27-Jun-2017 15:01:33 UTC] PHP Notice:  Undefined index: user in C:\server\httpd\Apache24\htdocs\backend\login\login.php on line 15
[27-Jun-2017 15:01:33 UTC] PHP Notice:  Undefined index: pwd in C:\server\httpd\Apache24\htdocs\backend\login\login.php on line 16
[27-Jun-2017 15:01:33 UTC] PHP Notice:  Undefined index: user in C:\server\httpd\Apache24\htdocs\backend\login\login.php on line 15
[27-Jun-2017 15:01:33 UTC] PHP Notice:  Undefined index: pwd in C:\server\httpd\Apache24\htdocs\backend\login\login.php on line 16
[27-Jun-2017 15:01:33 UTC] PHP Notice:  Undefined index: user in C:\server\httpd\Apache24\htdocs\backend\login\login.php on line 15
[27-Jun-2017 15:01:33 UTC] PHP Notice:  Undefined index: pwd in C:\server\httpd\Apache24\htdocs\backend\login\login.php on line 16
[27-Jun-2017 15:01:33 UTC] PHP Notice:  Undefined index: user in C:\server\httpd\Apache24\htdocs\backend\login\login.php on line 15
[27-Jun-2017 15:01:33 UTC] PHP Notice:  Undefined index: pwd in C:\server\httpd\Apache24\htdocs\backend\login\login.php on line 16
[27-Jun-2017 15:01:34 UTC] PHP Notice:  Undefined index: user in C:\server\httpd\Apache24\htdocs\backend\login\login.php on line 15
[27-Jun-2017 15:01:34 UTC] PHP Notice:  Undefined index: pwd in C:\server\httpd\Apache24\htdocs\backend\login\login.php on line 16
[27-Jun-2017 15:01:34 UTC] PHP Notice:  Undefined index: user in C:\server\httpd\Apache24\htdocs\backend\login\login.php on line 15
[27-Jun-2017 15:01:34 UTC] PHP Notice:  Undefined index: pwd in C:\server\httpd\Apache24\htdocs\backend\login\login.php on line 16
[27-Jun-2017 15:01:34 UTC] PHP Notice:  Undefined index: user in C:\server\httpd\Apache24\htdocs\backend\login\login.php on line 15
[27-Jun-2017 15:01:34 UTC] PHP Notice:  Undefined index: pwd in C:\server\httpd\Apache24\htdocs\backend\login\login.php on line 16
[27-Jun-2017 15:01:34 UTC] PHP Notice:  Undefined index: user in C:\server\httpd\Apache24\htdocs\backend\login\login.php on line 15
[27-Jun-2017 15:01:34 UTC] PHP Notice:  Undefined index: pwd in C:\server\httpd\Apache24\htdocs\backend\login\login.php on line 16
[27-Jun-2017 15:01:34 UTC] PHP Notice:  Undefined index: user in C:\server\httpd\Apache24\htdocs\backend\login\login.php on line 15
[27-Jun-2017 15:01:34 UTC] PHP Notice:  Undefined index: pwd in C:\server\httpd\Apache24\htdocs\backend\login\login.php on line 16
[27-Jun-2017 15:01:34 UTC] PHP Notice:  Undefined index: user in C:\server\httpd\Apache24\htdocs\backend\login\login.php on line 15
[27-Jun-2017 15:01:34 UTC] PHP Notice:  Undefined index: pwd in C:\server\httpd\Apache24\htdocs\backend\login\login.php on line 16
[27-Jun-2017 15:01:34 UTC] PHP Notice:  Undefined index: user in C:\server\httpd\Apache24\htdocs\backend\login\login.php on line 15
[27-Jun-2017 15:01:34 UTC] PHP Notice:  Undefined index: pwd in C:\server\httpd\Apache24\htdocs\backend\login\login.php on line 16
[27-Jun-2017 15:01:34 UTC] PHP Notice:  Undefined index: user in C:\server\httpd\Apache24\htdocs\backend\login\login.php on line 15
[27-Jun-2017 15:01:34 UTC] PHP Notice:  Undefined index: pwd in C:\server\httpd\Apache24\htdocs\backend\login\login.php on line 16
[27-Jun-2017 15:01:34 UTC] PHP Notice:  Undefined index: user in C:\server\httpd\Apache24\htdocs\backend\login\login.php on line 15
[27-Jun-2017 15:01:34 UTC] PHP Notice:  Undefined index: pwd in C:\server\httpd\Apache24\htdocs\backend\login\login.php on line 16
[27-Jun-2017 15:01:34 UTC] PHP Notice:  Undefined index: user in C:\server\httpd\Apache24\htdocs\backend\login\login.php on line 15
[27-Jun-2017 15:01:34 UTC] PHP Notice:  Undefined index: pwd in C:\server\httpd\Apache24\htdocs\backend\login\login.php on line 16
[27-Jun-2017 15:01:34 UTC] PHP Notice:  Undefined index: user in C:\server\httpd\Apache24\htdocs\backend\login\login.php on line 15
[27-Jun-2017 15:01:34 UTC] PHP Notice:  Undefined index: pwd in C:\server\httpd\Apache24\htdocs\backend\login\login.php on line 16
[27-Jun-2017 15:01:34 UTC] PHP Notice:  Undefined index: user in C:\server\httpd\Apache24\htdocs\backend\login\login.php on line 15
[27-Jun-2017 15:01:34 UTC] PHP Notice:  Undefined index: pwd in C:\server\httpd\Apache24\htdocs\backend\login\login.php on line 16
[27-Jun-2017 15:01:34 UTC] PHP Notice:  Undefined index: user in C:\server\httpd\Apache24\htdocs\backend\login\login.php on line 15
[27-Jun-2017 15:01:34 UTC] PHP Notice:  Undefined index: pwd in C:\server\httpd\Apache24\htdocs\backend\login\login.php on line 16
[27-Jun-2017 15:01:34 UTC] PHP Notice:  Undefined index: user in C:\server\httpd\Apache24\htdocs\backend\login\login.php on line 15
[27-Jun-2017 15:01:34 UTC] PHP Notice:  Undefined index: pwd in C:\server\httpd\Apache24\htdocs\backend\login\login.php on line 16
[27-Jun-2017 15:01:34 UTC] PHP Notice:  Undefined index: user in C:\server\httpd\Apache24\htdocs\backend\login\login.php on line 15
[27-Jun-2017 15:01:34 UTC] PHP Notice:  Undefined index: pwd in C:\server\httpd\Apache24\htdocs\backend\login\login.php on line 16
[27-Jun-2017 15:01:34 UTC] PHP Notice:  Undefined index: user in C:\server\httpd\Apache24\htdocs\backend\login\login.php on line 15
[27-Jun-2017 15:01:34 UTC] PHP Notice:  Undefined index: pwd in C:\server\httpd\Apache24\htdocs\backend\login\login.php on line 16
[27-Jun-2017 15:01:34 UTC] PHP Notice:  Undefined index: user in C:\server\httpd\Apache24\htdocs\backend\login\login.php on line 15
[27-Jun-2017 15:01:34 UTC] PHP Notice:  Undefined index: pwd in C:\server\httpd\Apache24\htdocs\backend\login\login.php on line 16
[27-Jun-2017 15:01:34 UTC] PHP Notice:  Undefined index: user in C:\server\httpd\Apache24\htdocs\backend\login\login.php on line 15
[27-Jun-2017 15:01:34 UTC] PHP Notice:  Undefined index: pwd in C:\server\httpd\Apache24\htdocs\backend\login\login.php on line 16
[27-Jun-2017 15:01:34 UTC] PHP Notice:  Undefined index: user in C:\server\httpd\Apache24\htdocs\backend\login\login.php on line 15
[27-Jun-2017 15:01:34 UTC] PHP Notice:  Undefined index: pwd in C:\server\httpd\Apache24\htdocs\backend\login\login.php on line 16
[27-Jun-2017 15:01:34 UTC] PHP Notice:  Undefined index: user in C:\server\httpd\Apache24\htdocs\backend\login\login.php on line 15
[27-Jun-2017 15:01:34 UTC] PHP Notice:  Undefined index: pwd in C:\server\httpd\Apache24\htdocs\backend\login\login.php on line 16
[27-Jun-2017 15:01:34 UTC] PHP Notice:  Undefined index: user in C:\server\httpd\Apache24\htdocs\backend\login\login.php on line 15
[27-Jun-2017 15:01:34 UTC] PHP Notice:  Undefined index: pwd in C:\server\httpd\Apache24\htdocs\backend\login\login.php on line 16
[27-Jun-2017 15:02:44 UTC] PHP Notice:  Undefined index: user in C:\server\httpd\Apache24\htdocs\backend\login\login.php on line 15
[27-Jun-2017 15:02:44 UTC] PHP Notice:  Undefined index: pwd in C:\server\httpd\Apache24\htdocs\backend\login\login.php on line 16
[27-Jun-2017 15:02:44 UTC] PHP Notice:  Undefined index: user in C:\server\httpd\Apache24\htdocs\backend\login\login.php on line 15
[27-Jun-2017 15:02:44 UTC] PHP Notice:  Undefined index: pwd in C:\server\httpd\Apache24\htdocs\backend\login\login.php on line 16
[27-Jun-2017 15:02:44 UTC] PHP Notice:  Undefined index: user in C:\server\httpd\Apache24\htdocs\backend\login\login.php on line 15
[27-Jun-2017 15:02:44 UTC] PHP Notice:  Undefined index: pwd in C:\server\httpd\Apache24\htdocs\backend\login\login.php on line 16
[27-Jun-2017 15:02:44 UTC] PHP Notice:  Undefined index: user in C:\server\httpd\Apache24\htdocs\backend\login\login.php on line 15
[27-Jun-2017 15:02:44 UTC] PHP Notice:  Undefined index: pwd in C:\server\httpd\Apache24\htdocs\backend\login\login.php on line 16
[27-Jun-2017 15:02:44 UTC] PHP Notice:  Undefined index: user in C:\server\httpd\Apache24\htdocs\backend\login\login.php on line 15
[27-Jun-2017 15:02:44 UTC] PHP Notice:  Undefined index: pwd in C:\server\httpd\Apache24\htdocs\backend\login\login.php on line 16
[27-Jun-2017 15:02:44 UTC] PHP Notice:  Undefined index: user in C:\server\httpd\Apache24\htdocs\backend\login\login.php on line 15
[27-Jun-2017 15:02:44 UTC] PHP Notice:  Undefined index: pwd in C:\server\httpd\Apache24\htdocs\backend\login\login.php on line 16
[27-Jun-2017 15:02:44 UTC] PHP Notice:  Undefined index: user in C:\server\httpd\Apache24\htdocs\backend\login\login.php on line 15
[27-Jun-2017 15:02:44 UTC] PHP Notice:  Undefined index: pwd in C:\server\httpd\Apache24\htdocs\backend\login\login.php on line 16
[27-Jun-2017 15:02:44 UTC] PHP Notice:  Undefined index: user in C:\server\httpd\Apache24\htdocs\backend\login\login.php on line 15
[27-Jun-2017 15:02:44 UTC] PHP Notice:  Undefined index: pwd in C:\server\httpd\Apache24\htdocs\backend\login\login.php on line 16
[27-Jun-2017 15:02:44 UTC] PHP Notice:  Undefined index: user in C:\server\httpd\Apache24\htdocs\backend\login\login.php on line 15
[27-Jun-2017 15:02:44 UTC] PHP Notice:  Undefined index: pwd in C:\server\httpd\Apache24\htdocs\backend\login\login.php on line 16
[27-Jun-2017 15:02:44 UTC] PHP Notice:  Undefined index: user in C:\server\httpd\Apache24\htdocs\backend\login\login.php on line 15
[27-Jun-2017 15:02:44 UTC] PHP Notice:  Undefined index: pwd in C:\server\httpd\Apache24\htdocs\backend\login\login.php on line 16
[27-Jun-2017 15:02:44 UTC] PHP Notice:  Undefined index: user in C:\server\httpd\Apache24\htdocs\backend\login\login.php on line 15
[27-Jun-2017 15:02:44 UTC] PHP Notice:  Undefined index: pwd in C:\server\httpd\Apache24\htdocs\backend\login\login.php on line 16
[27-Jun-2017 15:02:44 UTC] PHP Notice:  Undefined index: user in C:\server\httpd\Apache24\htdocs\backend\login\login.php on line 15
[27-Jun-2017 15:02:44 UTC] PHP Notice:  Undefined index: pwd in C:\server\httpd\Apache24\htdocs\backend\login\login.php on line 16
[27-Jun-2017 15:02:44 UTC] PHP Notice:  Undefined index: user in C:\server\httpd\Apache24\htdocs\backend\login\login.php on line 15
[27-Jun-2017 15:02:44 UTC] PHP Notice:  Undefined index: pwd in C:\server\httpd\Apache24\htdocs\backend\login\login.php on line 16
[27-Jun-2017 15:02:44 UTC] PHP Notice:  Undefined index: user in C:\server\httpd\Apache24\htdocs\backend\login\login.php on line 15
[27-Jun-2017 15:02:44 UTC] PHP Notice:  Undefined index: pwd in C:\server\httpd\Apache24\htdocs\backend\login\login.php on line 16
[27-Jun-2017 15:02:44 UTC] PHP Notice:  Undefined index: user in C:\server\httpd\Apache24\htdocs\backend\login\login.php on line 15
[27-Jun-2017 15:02:44 UTC] PHP Notice:  Undefined index: pwd in C:\server\httpd\Apache24\htdocs\backend\login\login.php on line 16
[27-Jun-2017 15:02:44 UTC] PHP Notice:  Undefined index: user in C:\server\httpd\Apache24\htdocs\backend\login\login.php on line 15
[27-Jun-2017 15:02:44 UTC] PHP Notice:  Undefined index: pwd in C:\server\httpd\Apache24\htdocs\backend\login\login.php on line 16
[27-Jun-2017 15:02:44 UTC] PHP Notice:  Undefined index: user in C:\server\httpd\Apache24\htdocs\backend\login\login.php on line 15
[27-Jun-2017 15:02:44 UTC] PHP Notice:  Undefined index: pwd in C:\server\httpd\Apache24\htdocs\backend\login\login.php on line 16
[27-Jun-2017 15:02:44 UTC] PHP Notice:  Undefined index: user in C:\server\httpd\Apache24\htdocs\backend\login\login.php on line 15
[27-Jun-2017 15:02:44 UTC] PHP Notice:  Undefined index: pwd in C:\server\httpd\Apache24\htdocs\backend\login\login.php on line 16
[27-Jun-2017 15:02:44 UTC] PHP Notice:  Undefined index: user in C:\server\httpd\Apache24\htdocs\backend\login\login.php on line 15
[27-Jun-2017 15:02:44 UTC] PHP Notice:  Undefined index: pwd in C:\server\httpd\Apache24\htdocs\backend\login\login.php on line 16
[27-Jun-2017 15:02:44 UTC] PHP Notice:  Undefined index: user in C:\server\httpd\Apache24\htdocs\backend\login\login.php on line 15
[27-Jun-2017 15:02:44 UTC] PHP Notice:  Undefined index: pwd in C:\server\httpd\Apache24\htdocs\backend\login\login.php on line 16
[27-Jun-2017 15:02:44 UTC] PHP Notice:  Undefined index: user in C:\server\httpd\Apache24\htdocs\backend\login\login.php on line 15
[27-Jun-2017 15:02:44 UTC] PHP Notice:  Undefined index: pwd in C:\server\httpd\Apache24\htdocs\backend\login\login.php on line 16
[27-Jun-2017 15:02:44 UTC] PHP Notice:  Undefined index: user in C:\server\httpd\Apache24\htdocs\backend\login\login.php on line 15
[27-Jun-2017 15:02:44 UTC] PHP Notice:  Undefined index: pwd in C:\server\httpd\Apache24\htdocs\backend\login\login.php on line 16
[27-Jun-2017 15:02:44 UTC] PHP Notice:  Undefined index: user in C:\server\httpd\Apache24\htdocs\backend\login\login.php on line 15
[27-Jun-2017 15:02:44 UTC] PHP Notice:  Undefined index: pwd in C:\server\httpd\Apache24\htdocs\backend\login\login.php on line 16
[27-Jun-2017 15:02:44 UTC] PHP Notice:  Undefined index: user in C:\server\httpd\Apache24\htdocs\backend\login\login.php on line 15
[27-Jun-2017 15:02:44 UTC] PHP Notice:  Undefined index: pwd in C:\server\httpd\Apache24\htdocs\backend\login\login.php on line 16
[27-Jun-2017 15:02:44 UTC] PHP Notice:  Undefined index: user in C:\server\httpd\Apache24\htdocs\backend\login\login.php on line 15
[27-Jun-2017 15:02:44 UTC] PHP Notice:  Undefined index: pwd in C:\server\httpd\Apache24\htdocs\backend\login\login.php on line 16
[27-Jun-2017 15:02:44 UTC] PHP Notice:  Undefined index: user in C:\server\httpd\Apache24\htdocs\backend\login\login.php on line 15
[27-Jun-2017 15:02:44 UTC] PHP Notice:  Undefined index: pwd in C:\server\httpd\Apache24\htdocs\backend\login\login.php on line 16
[27-Jun-2017 15:02:44 UTC] PHP Notice:  Undefined index: user in C:\server\httpd\Apache24\htdocs\backend\login\login.php on line 15
[27-Jun-2017 15:02:44 UTC] PHP Notice:  Undefined index: pwd in C:\server\httpd\Apache24\htdocs\backend\login\login.php on line 16
[27-Jun-2017 15:02:44 UTC] PHP Notice:  Undefined index: user in C:\server\httpd\Apache24\htdocs\backend\login\login.php on line 15
[27-Jun-2017 15:02:44 UTC] PHP Notice:  Undefined index: pwd in C:\server\httpd\Apache24\htdocs\backend\login\login.php on line 16
[27-Jun-2017 15:02:44 UTC] PHP Notice:  Undefined index: user in C:\server\httpd\Apache24\htdocs\backend\login\login.php on line 15
[27-Jun-2017 15:02:44 UTC] PHP Notice:  Undefined index: pwd in C:\server\httpd\Apache24\htdocs\backend\login\login.php on line 16
[27-Jun-2017 15:02:44 UTC] PHP Notice:  Undefined index: user in C:\server\httpd\Apache24\htdocs\backend\login\login.php on line 15
[27-Jun-2017 15:02:44 UTC] PHP Notice:  Undefined index: pwd in C:\server\httpd\Apache24\htdocs\backend\login\login.php on line 16
[27-Jun-2017 15:02:44 UTC] PHP Notice:  Undefined index: user in C:\server\httpd\Apache24\htdocs\backend\login\login.php on line 15
[27-Jun-2017 15:02:44 UTC] PHP Notice:  Undefined index: pwd in C:\server\httpd\Apache24\htdocs\backend\login\login.php on line 16
[27-Jun-2017 15:02:44 UTC] PHP Notice:  Undefined index: user in C:\server\httpd\Apache24\htdocs\backend\login\login.php on line 15
[27-Jun-2017 15:02:44 UTC] PHP Notice:  Undefined index: pwd in C:\server\httpd\Apache24\htdocs\backend\login\login.php on line 16
[27-Jun-2017 15:02:44 UTC] PHP Notice:  Undefined index: user in C:\server\httpd\Apache24\htdocs\backend\login\login.php on line 15
[27-Jun-2017 15:02:44 UTC] PHP Notice:  Undefined index: pwd in C:\server\httpd\Apache24\htdocs\backend\login\login.php on line 16
[27-Jun-2017 15:02:44 UTC] PHP Notice:  Undefined index: user in C:\server\httpd\Apache24\htdocs\backend\login\login.php on line 15
[27-Jun-2017 15:02:44 UTC] PHP Notice:  Undefined index: pwd in C:\server\httpd\Apache24\htdocs\backend\login\login.php on line 16
[27-Jun-2017 15:02:44 UTC] PHP Notice:  Undefined index: user in C:\server\httpd\Apache24\htdocs\backend\login\login.php on line 15
[27-Jun-2017 15:02:44 UTC] PHP Notice:  Undefined index: pwd in C:\server\httpd\Apache24\htdocs\backend\login\login.php on line 16
[27-Jun-2017 15:02:44 UTC] PHP Notice:  Undefined index: user in C:\server\httpd\Apache24\htdocs\backend\login\login.php on line 15
[27-Jun-2017 15:02:44 UTC] PHP Notice:  Undefined index: pwd in C:\server\httpd\Apache24\htdocs\backend\login\login.php on line 16
[27-Jun-2017 15:02:44 UTC] PHP Notice:  Undefined index: user in C:\server\httpd\Apache24\htdocs\backend\login\login.php on line 15
[27-Jun-2017 15:02:44 UTC] PHP Notice:  Undefined index: pwd in C:\server\httpd\Apache24\htdocs\backend\login\login.php on line 16
[27-Jun-2017 15:02:44 UTC] PHP Notice:  Undefined index: user in C:\server\httpd\Apache24\htdocs\backend\login\login.php on line 15
[27-Jun-2017 15:02:44 UTC] PHP Notice:  Undefined index: pwd in C:\server\httpd\Apache24\htdocs\backend\login\login.php on line 16
[27-Jun-2017 15:02:44 UTC] PHP Notice:  Undefined index: user in C:\server\httpd\Apache24\htdocs\backend\login\login.php on line 15
[27-Jun-2017 15:02:44 UTC] PHP Notice:  Undefined index: pwd in C:\server\httpd\Apache24\htdocs\backend\login\login.php on line 16
[27-Jun-2017 15:02:44 UTC] PHP Notice:  Undefined index: user in C:\server\httpd\Apache24\htdocs\backend\login\login.php on line 15
[27-Jun-2017 15:02:44 UTC] PHP Notice:  Undefined index: pwd in C:\server\httpd\Apache24\htdocs\backend\login\login.php on line 16
[27-Jun-2017 15:02:44 UTC] PHP Notice:  Undefined index: user in C:\server\httpd\Apache24\htdocs\backend\login\login.php on line 15
[27-Jun-2017 15:02:44 UTC] PHP Notice:  Undefined index: pwd in C:\server\httpd\Apache24\htdocs\backend\login\login.php on line 16
[27-Jun-2017 15:02:49 UTC] PHP Notice:  Undefined index: user in C:\server\httpd\Apache24\htdocs\backend\login\login.php on line 15
[27-Jun-2017 15:02:49 UTC] PHP Notice:  Undefined index: pwd in C:\server\httpd\Apache24\htdocs\backend\login\login.php on line 16
[27-Jun-2017 15:02:49 UTC] PHP Notice:  Undefined index: user in C:\server\httpd\Apache24\htdocs\backend\login\login.php on line 15
[27-Jun-2017 15:02:49 UTC] PHP Notice:  Undefined index: pwd in C:\server\httpd\Apache24\htdocs\backend\login\login.php on line 16
[27-Jun-2017 15:02:49 UTC] PHP Notice:  Undefined index: user in C:\server\httpd\Apache24\htdocs\backend\login\login.php on line 15
[27-Jun-2017 15:02:49 UTC] PHP Notice:  Undefined index: pwd in C:\server\httpd\Apache24\htdocs\backend\login\login.php on line 16
[27-Jun-2017 15:02:49 UTC] PHP Notice:  Undefined index: user in C:\server\httpd\Apache24\htdocs\backend\login\login.php on line 15
[27-Jun-2017 15:02:49 UTC] PHP Notice:  Undefined index: pwd in C:\server\httpd\Apache24\htdocs\backend\login\login.php on line 16
[27-Jun-2017 15:02:49 UTC] PHP Notice:  Undefined index: user in C:\server\httpd\Apache24\htdocs\backend\login\login.php on line 15
[27-Jun-2017 15:02:49 UTC] PHP Notice:  Undefined index: pwd in C:\server\httpd\Apache24\htdocs\backend\login\login.php on line 16
[27-Jun-2017 15:02:49 UTC] PHP Notice:  Undefined index: user in C:\server\httpd\Apache24\htdocs\backend\login\login.php on line 15
[27-Jun-2017 15:02:49 UTC] PHP Notice:  Undefined index: pwd in C:\server\httpd\Apache24\htdocs\backend\login\login.php on line 16
[27-Jun-2017 15:02:49 UTC] PHP Notice:  Undefined index: user in C:\server\httpd\Apache24\htdocs\backend\login\login.php on line 15
[27-Jun-2017 15:02:49 UTC] PHP Notice:  Undefined index: pwd in C:\server\httpd\Apache24\htdocs\backend\login\login.php on line 16
[27-Jun-2017 15:02:49 UTC] PHP Notice:  Undefined index: user in C:\server\httpd\Apache24\htdocs\backend\login\login.php on line 15
[27-Jun-2017 15:02:49 UTC] PHP Notice:  Undefined index: pwd in C:\server\httpd\Apache24\htdocs\backend\login\login.php on line 16
[27-Jun-2017 15:02:49 UTC] PHP Notice:  Undefined index: user in C:\server\httpd\Apache24\htdocs\backend\login\login.php on line 15
[27-Jun-2017 15:02:49 UTC] PHP Notice:  Undefined index: pwd in C:\server\httpd\Apache24\htdocs\backend\login\login.php on line 16
[27-Jun-2017 15:02:49 UTC] PHP Notice:  Undefined index: user in C:\server\httpd\Apache24\htdocs\backend\login\login.php on line 15
[27-Jun-2017 15:02:49 UTC] PHP Notice:  Undefined index: pwd in C:\server\httpd\Apache24\htdocs\backend\login\login.php on line 16
[27-Jun-2017 15:02:49 UTC] PHP Notice:  Undefined index: user in C:\server\httpd\Apache24\htdocs\backend\login\login.php on line 15
[27-Jun-2017 15:02:49 UTC] PHP Notice:  Undefined index: pwd in C:\server\httpd\Apache24\htdocs\backend\login\login.php on line 16
[27-Jun-2017 15:02:49 UTC] PHP Notice:  Undefined index: user in C:\server\httpd\Apache24\htdocs\backend\login\login.php on line 15
[27-Jun-2017 15:02:49 UTC] PHP Notice:  Undefined index: pwd in C:\server\httpd\Apache24\htdocs\backend\login\login.php on line 16
[27-Jun-2017 15:02:49 UTC] PHP Notice:  Undefined index: user in C:\server\httpd\Apache24\htdocs\backend\login\login.php on line 15
[27-Jun-2017 15:02:49 UTC] PHP Notice:  Undefined index: pwd in C:\server\httpd\Apache24\htdocs\backend\login\login.php on line 16
[27-Jun-2017 15:02:49 UTC] PHP Notice:  Undefined index: user in C:\server\httpd\Apache24\htdocs\backend\login\login.php on line 15
[27-Jun-2017 15:02:49 UTC] PHP Notice:  Undefined index: pwd in C:\server\httpd\Apache24\htdocs\backend\login\login.php on line 16
[27-Jun-2017 15:02:49 UTC] PHP Notice:  Undefined index: user in C:\server\httpd\Apache24\htdocs\backend\login\login.php on line 15
[27-Jun-2017 15:02:49 UTC] PHP Notice:  Undefined index: pwd in C:\server\httpd\Apache24\htdocs\backend\login\login.php on line 16
[27-Jun-2017 15:02:49 UTC] PHP Notice:  Undefined index: user in C:\server\httpd\Apache24\htdocs\backend\login\login.php on line 15
[27-Jun-2017 15:02:49 UTC] PHP Notice:  Undefined index: pwd in C:\server\httpd\Apache24\htdocs\backend\login\login.php on line 16
[27-Jun-2017 15:02:49 UTC] PHP Notice:  Undefined index: user in C:\server\httpd\Apache24\htdocs\backend\login\login.php on line 15
[27-Jun-2017 15:02:49 UTC] PHP Notice:  Undefined index: pwd in C:\server\httpd\Apache24\htdocs\backend\login\login.php on line 16
[27-Jun-2017 15:02:49 UTC] PHP Notice:  Undefined index: user in C:\server\httpd\Apache24\htdocs\backend\login\login.php on line 15
[27-Jun-2017 15:02:49 UTC] PHP Notice:  Undefined index: pwd in C:\server\httpd\Apache24\htdocs\backend\login\login.php on line 16
[27-Jun-2017 15:02:49 UTC] PHP Notice:  Undefined index: user in C:\server\httpd\Apache24\htdocs\backend\login\login.php on line 15
[27-Jun-2017 15:02:49 UTC] PHP Notice:  Undefined index: pwd in C:\server\httpd\Apache24\htdocs\backend\login\login.php on line 16
[27-Jun-2017 15:02:49 UTC] PHP Notice:  Undefined index: user in C:\server\httpd\Apache24\htdocs\backend\login\login.php on line 15
[27-Jun-2017 15:02:49 UTC] PHP Notice:  Undefined index: pwd in C:\server\httpd\Apache24\htdocs\backend\login\login.php on line 16
[27-Jun-2017 15:02:49 UTC] PHP Notice:  Undefined index: user in C:\server\httpd\Apache24\htdocs\backend\login\login.php on line 15
[27-Jun-2017 15:02:49 UTC] PHP Notice:  Undefined index: pwd in C:\server\httpd\Apache24\htdocs\backend\login\login.php on line 16
[27-Jun-2017 15:03:19 UTC] PHP Notice:  Undefined index: user in C:\server\httpd\Apache24\htdocs\backend\login\login.php on line 15
[27-Jun-2017 15:03:19 UTC] PHP Notice:  Undefined index: pwd in C:\server\httpd\Apache24\htdocs\backend\login\login.php on line 16
[27-Jun-2017 15:03:19 UTC] PHP Notice:  Undefined index: user in C:\server\httpd\Apache24\htdocs\backend\login\login.php on line 15
[27-Jun-2017 15:03:19 UTC] PHP Notice:  Undefined index: pwd in C:\server\httpd\Apache24\htdocs\backend\login\login.php on line 16
[27-Jun-2017 15:03:19 UTC] PHP Notice:  Undefined index: user in C:\server\httpd\Apache24\htdocs\backend\login\login.php on line 15
[27-Jun-2017 15:03:19 UTC] PHP Notice:  Undefined index: pwd in C:\server\httpd\Apache24\htdocs\backend\login\login.php on line 16
[27-Jun-2017 15:03:19 UTC] PHP Notice:  Undefined index: user in C:\server\httpd\Apache24\htdocs\backend\login\login.php on line 15
[27-Jun-2017 15:03:19 UTC] PHP Notice:  Undefined index: pwd in C:\server\httpd\Apache24\htdocs\backend\login\login.php on line 16
[27-Jun-2017 15:03:19 UTC] PHP Notice:  Undefined index: user in C:\server\httpd\Apache24\htdocs\backend\login\login.php on line 15
[27-Jun-2017 15:03:19 UTC] PHP Notice:  Undefined index: pwd in C:\server\httpd\Apache24\htdocs\backend\login\login.php on line 16
[27-Jun-2017 15:03:19 UTC] PHP Notice:  Undefined index: user in C:\server\httpd\Apache24\htdocs\backend\login\login.php on line 15
[27-Jun-2017 15:03:19 UTC] PHP Notice:  Undefined index: pwd in C:\server\httpd\Apache24\htdocs\backend\login\login.php on line 16
[27-Jun-2017 15:03:20 UTC] PHP Notice:  Undefined index: user in C:\server\httpd\Apache24\htdocs\backend\login\login.php on line 15
[27-Jun-2017 15:03:20 UTC] PHP Notice:  Undefined index: pwd in C:\server\httpd\Apache24\htdocs\backend\login\login.php on line 16
[27-Jun-2017 15:03:20 UTC] PHP Notice:  Undefined index: user in C:\server\httpd\Apache24\htdocs\backend\login\login.php on line 15
[27-Jun-2017 15:03:20 UTC] PHP Notice:  Undefined index: pwd in C:\server\httpd\Apache24\htdocs\backend\login\login.php on line 16
[27-Jun-2017 15:03:20 UTC] PHP Notice:  Undefined index: user in C:\server\httpd\Apache24\htdocs\backend\login\login.php on line 15
[27-Jun-2017 15:03:20 UTC] PHP Notice:  Undefined index: pwd in C:\server\httpd\Apache24\htdocs\backend\login\login.php on line 16
[27-Jun-2017 15:03:20 UTC] PHP Notice:  Undefined index: user in C:\server\httpd\Apache24\htdocs\backend\login\login.php on line 15
[27-Jun-2017 15:03:20 UTC] PHP Notice:  Undefined index: pwd in C:\server\httpd\Apache24\htdocs\backend\login\login.php on line 16
[27-Jun-2017 15:03:20 UTC] PHP Notice:  Undefined index: user in C:\server\httpd\Apache24\htdocs\backend\login\login.php on line 15
[27-Jun-2017 15:03:20 UTC] PHP Notice:  Undefined index: pwd in C:\server\httpd\Apache24\htdocs\backend\login\login.php on line 16
[27-Jun-2017 15:03:20 UTC] PHP Notice:  Undefined index: user in C:\server\httpd\Apache24\htdocs\backend\login\login.php on line 15
[27-Jun-2017 15:03:20 UTC] PHP Notice:  Undefined index: pwd in C:\server\httpd\Apache24\htdocs\backend\login\login.php on line 16
[27-Jun-2017 15:03:20 UTC] PHP Notice:  Undefined index: user in C:\server\httpd\Apache24\htdocs\backend\login\login.php on line 15
[27-Jun-2017 15:03:20 UTC] PHP Notice:  Undefined index: pwd in C:\server\httpd\Apache24\htdocs\backend\login\login.php on line 16
[27-Jun-2017 15:03:20 UTC] PHP Notice:  Undefined index: user in C:\server\httpd\Apache24\htdocs\backend\login\login.php on line 15
[27-Jun-2017 15:03:20 UTC] PHP Notice:  Undefined index: pwd in C:\server\httpd\Apache24\htdocs\backend\login\login.php on line 16
[27-Jun-2017 15:03:20 UTC] PHP Notice:  Undefined index: user in C:\server\httpd\Apache24\htdocs\backend\login\login.php on line 15
[27-Jun-2017 15:03:20 UTC] PHP Notice:  Undefined index: pwd in C:\server\httpd\Apache24\htdocs\backend\login\login.php on line 16
[27-Jun-2017 15:03:20 UTC] PHP Notice:  Undefined index: user in C:\server\httpd\Apache24\htdocs\backend\login\login.php on line 15
[27-Jun-2017 15:03:20 UTC] PHP Notice:  Undefined index: pwd in C:\server\httpd\Apache24\htdocs\backend\login\login.php on line 16
[27-Jun-2017 15:03:20 UTC] PHP Notice:  Undefined index: user in C:\server\httpd\Apache24\htdocs\backend\login\login.php on line 15
[27-Jun-2017 15:03:20 UTC] PHP Notice:  Undefined index: pwd in C:\server\httpd\Apache24\htdocs\backend\login\login.php on line 16
[27-Jun-2017 15:03:20 UTC] PHP Notice:  Undefined index: user in C:\server\httpd\Apache24\htdocs\backend\login\login.php on line 15
[27-Jun-2017 15:03:20 UTC] PHP Notice:  Undefined index: pwd in C:\server\httpd\Apache24\htdocs\backend\login\login.php on line 16
[27-Jun-2017 15:03:20 UTC] PHP Notice:  Undefined index: user in C:\server\httpd\Apache24\htdocs\backend\login\login.php on line 15
[27-Jun-2017 15:03:20 UTC] PHP Notice:  Undefined index: pwd in C:\server\httpd\Apache24\htdocs\backend\login\login.php on line 16
[27-Jun-2017 15:03:20 UTC] PHP Notice:  Undefined index: user in C:\server\httpd\Apache24\htdocs\backend\login\login.php on line 15
[27-Jun-2017 15:03:20 UTC] PHP Notice:  Undefined index: pwd in C:\server\httpd\Apache24\htdocs\backend\login\login.php on line 16
[27-Jun-2017 15:03:20 UTC] PHP Notice:  Undefined index: user in C:\server\httpd\Apache24\htdocs\backend\login\login.php on line 15
[27-Jun-2017 15:03:20 UTC] PHP Notice:  Undefined index: pwd in C:\server\httpd\Apache24\htdocs\backend\login\login.php on line 16
[27-Jun-2017 15:11:33 UTC] PHP Parse error:  syntax error, unexpected '}', expecting end of file in C:\server\httpd\Apache24\htdocs\backend\login\login.php on line 8
[27-Jun-2017 15:12:12 UTC] PHP Parse error:  syntax error, unexpected '}', expecting end of file in C:\server\httpd\Apache24\htdocs\backend\login\login.php on line 8
[27-Jun-2017 15:12:41 UTC] PHP Parse error:  syntax error, unexpected end of file in C:\server\httpd\Apache24\htdocs\backend\login\login.php on line 52
[27-Jun-2017 15:15:05 UTC] PHP Notice:  Undefined index: active in C:\server\httpd\Apache24\htdocs\backend\login\login.php on line 23
[27-Jun-2017 15:15:05 UTC] PHP Fatal error:  Uncaught Error: Call to undefined function session_register() in C:\server\httpd\Apache24\htdocs\backend\login\login.php:28
Stack trace:
#0 {main}
  thrown in C:\server\httpd\Apache24\htdocs\backend\login\login.php on line 28
[27-Jun-2017 15:31:03 UTC] PHP Warning:  include_once(headerlogged.php): failed to open stream: No such file or directory in C:\server\httpd\Apache24\htdocs\backend\login\welcome.php on line 2
[27-Jun-2017 15:31:03 UTC] PHP Warning:  include_once(): Failed opening 'headerlogged.php' for inclusion (include_path='.;C:\php\pear') in C:\server\httpd\Apache24\htdocs\backend\login\welcome.php on line 2
[28-Jun-2017 03:16:02 UTC] PHP Warning:  session_destroy(): Trying to destroy uninitialized session in C:\server\httpd\Apache24\htdocs\backend\login\index.php on line 20
[28-Jun-2017 03:16:02 UTC] PHP Warning:  session_destroy(): Trying to destroy uninitialized session in C:\server\httpd\Apache24\htdocs\backend\login\index.php on line 20
[28-Jun-2017 03:16:02 UTC] PHP Warning:  session_destroy(): Trying to destroy uninitialized session in C:\server\httpd\Apache24\htdocs\backend\login\index.php on line 20
[28-Jun-2017 03:16:02 UTC] PHP Warning:  session_destroy(): Trying to destroy uninitialized session in C:\server\httpd\Apache24\htdocs\backend\login\index.php on line 20
[28-Jun-2017 03:16:02 UTC] PHP Warning:  session_destroy(): Trying to destroy uninitialized session in C:\server\httpd\Apache24\htdocs\backend\login\index.php on line 20
[28-Jun-2017 03:16:02 UTC] PHP Warning:  session_destroy(): Trying to destroy uninitialized session in C:\server\httpd\Apache24\htdocs\backend\login\index.php on line 20
[28-Jun-2017 03:16:02 UTC] PHP Warning:  session_destroy(): Trying to destroy uninitialized session in C:\server\httpd\Apache24\htdocs\backend\login\index.php on line 20
[28-Jun-2017 03:16:02 UTC] PHP Warning:  session_destroy(): Trying to destroy uninitialized session in C:\server\httpd\Apache24\htdocs\backend\login\index.php on line 20
[28-Jun-2017 03:16:02 UTC] PHP Warning:  session_destroy(): Trying to destroy uninitialized session in C:\server\httpd\Apache24\htdocs\backend\login\index.php on line 20
[28-Jun-2017 03:16:02 UTC] PHP Warning:  session_destroy(): Trying to destroy uninitialized session in C:\server\httpd\Apache24\htdocs\backend\login\index.php on line 20
[28-Jun-2017 03:16:02 UTC] PHP Warning:  session_destroy(): Trying to destroy uninitialized session in C:\server\httpd\Apache24\htdocs\backend\login\index.php on line 20
[28-Jun-2017 03:16:02 UTC] PHP Warning:  session_destroy(): Trying to destroy uninitialized session in C:\server\httpd\Apache24\htdocs\backend\login\index.php on line 20
[28-Jun-2017 03:16:02 UTC] PHP Warning:  session_destroy(): Trying to destroy uninitialized session in C:\server\httpd\Apache24\htdocs\backend\login\index.php on line 20
[28-Jun-2017 03:16:02 UTC] PHP Warning:  session_destroy(): Trying to destroy uninitialized session in C:\server\httpd\Apache24\htdocs\backend\login\index.php on line 20
[28-Jun-2017 03:16:02 UTC] PHP Warning:  session_destroy(): Trying to destroy uninitialized session in C:\server\httpd\Apache24\htdocs\backend\login\index.php on line 20
[28-Jun-2017 03:16:02 UTC] PHP Warning:  session_destroy(): Trying to destroy uninitialized session in C:\server\httpd\Apache24\htdocs\backend\login\index.php on line 20
[28-Jun-2017 03:16:02 UTC] PHP Warning:  session_destroy(): Trying to destroy uninitialized session in C:\server\httpd\Apache24\htdocs\backend\login\index.php on line 20
[28-Jun-2017 03:16:02 UTC] PHP Warning:  session_destroy(): Trying to destroy uninitialized session in C:\server\httpd\Apache24\htdocs\backend\login\index.php on line 20
[28-Jun-2017 03:16:02 UTC] PHP Warning:  session_destroy(): Trying to destroy uninitialized session in C:\server\httpd\Apache24\htdocs\backend\login\index.php on line 20
[28-Jun-2017 03:16:02 UTC] PHP Warning:  session_destroy(): Trying to destroy uninitialized session in C:\server\httpd\Apache24\htdocs\backend\login\index.php on line 20
[28-Jun-2017 03:16:02 UTC] PHP Warning:  session_destroy(): Trying to destroy uninitialized session in C:\server\httpd\Apache24\htdocs\backend\login\index.php on line 20
[28-Jun-2017 03:16:02 UTC] PHP Warning:  session_destroy(): Trying to destroy uninitialized session in C:\server\httpd\Apache24\htdocs\backend\login\index.php on line 20
[28-Jun-2017 03:16:02 UTC] PHP Warning:  session_destroy(): Trying to destroy uninitialized session in C:\server\httpd\Apache24\htdocs\backend\login\index.php on line 20
[28-Jun-2017 03:16:02 UTC] PHP Warning:  session_destroy(): Trying to destroy uninitialized session in C:\server\httpd\Apache24\htdocs\backend\login\index.php on line 20
[28-Jun-2017 03:16:02 UTC] PHP Warning:  session_destroy(): Trying to destroy uninitialized session in C:\server\httpd\Apache24\htdocs\backend\login\index.php on line 20
[28-Jun-2017 03:16:02 UTC] PHP Warning:  session_destroy(): Trying to destroy uninitialized session in C:\server\httpd\Apache24\htdocs\backend\login\index.php on line 20
[28-Jun-2017 03:16:02 UTC] PHP Warning:  session_destroy(): Trying to destroy uninitialized session in C:\server\httpd\Apache24\htdocs\backend\login\index.php on line 20
[28-Jun-2017 03:16:02 UTC] PHP Warning:  session_destroy(): Trying to destroy uninitialized session in C:\server\httpd\Apache24\htdocs\backend\login\index.php on line 20
[28-Jun-2017 03:16:02 UTC] PHP Warning:  session_destroy(): Trying to destroy uninitialized session in C:\server\httpd\Apache24\htdocs\backend\login\index.php on line 20
[28-Jun-2017 03:16:02 UTC] PHP Warning:  session_destroy(): Trying to destroy uninitialized session in C:\server\httpd\Apache24\htdocs\backend\login\index.php on line 20
[28-Jun-2017 03:16:02 UTC] PHP Warning:  session_destroy(): Trying to destroy uninitialized session in C:\server\httpd\Apache24\htdocs\backend\login\index.php on line 20
[28-Jun-2017 03:16:02 UTC] PHP Warning:  session_destroy(): Trying to destroy uninitialized session in C:\server\httpd\Apache24\htdocs\backend\login\index.php on line 20
[28-Jun-2017 03:16:02 UTC] PHP Warning:  session_destroy(): Trying to destroy uninitialized session in C:\server\httpd\Apache24\htdocs\backend\login\index.php on line 20
[28-Jun-2017 03:16:02 UTC] PHP Warning:  session_destroy(): Trying to destroy uninitialized session in C:\server\httpd\Apache24\htdocs\backend\login\index.php on line 20
[28-Jun-2017 03:16:02 UTC] PHP Warning:  session_destroy(): Trying to destroy uninitialized session in C:\server\httpd\Apache24\htdocs\backend\login\index.php on line 20
[28-Jun-2017 03:16:02 UTC] PHP Warning:  session_destroy(): Trying to destroy uninitialized session in C:\server\httpd\Apache24\htdocs\backend\login\index.php on line 20
[28-Jun-2017 03:16:02 UTC] PHP Warning:  session_destroy(): Trying to destroy uninitialized session in C:\server\httpd\Apache24\htdocs\backend\login\index.php on line 20
[28-Jun-2017 03:16:02 UTC] PHP Warning:  session_destroy(): Trying to destroy uninitialized session in C:\server\httpd\Apache24\htdocs\backend\login\index.php on line 20
[28-Jun-2017 03:16:02 UTC] PHP Warning:  session_destroy(): Trying to destroy uninitialized session in C:\server\httpd\Apache24\htdocs\backend\login\index.php on line 20
[28-Jun-2017 03:16:02 UTC] PHP Warning:  session_destroy(): Trying to destroy uninitialized session in C:\server\httpd\Apache24\htdocs\backend\login\index.php on line 20
[28-Jun-2017 03:16:02 UTC] PHP Warning:  session_destroy(): Trying to destroy uninitialized session in C:\server\httpd\Apache24\htdocs\backend\login\index.php on line 20
[28-Jun-2017 03:16:02 UTC] PHP Warning:  session_destroy(): Trying to destroy uninitialized session in C:\server\httpd\Apache24\htdocs\backend\login\index.php on line 20
[28-Jun-2017 03:16:07 UTC] PHP Warning:  session_destroy(): Trying to destroy uninitialized session in C:\server\httpd\Apache24\htdocs\backend\login\index.php on line 20
[28-Jun-2017 03:16:07 UTC] PHP Warning:  session_destroy(): Trying to destroy uninitialized session in C:\server\httpd\Apache24\htdocs\backend\login\index.php on line 20
[28-Jun-2017 03:16:07 UTC] PHP Warning:  session_destroy(): Trying to destroy uninitialized session in C:\server\httpd\Apache24\htdocs\backend\login\index.php on line 20
[28-Jun-2017 03:16:07 UTC] PHP Warning:  session_destroy(): Trying to destroy uninitialized session in C:\server\httpd\Apache24\htdocs\backend\login\index.php on line 20
[28-Jun-2017 03:16:07 UTC] PHP Warning:  session_destroy(): Trying to destroy uninitialized session in C:\server\httpd\Apache24\htdocs\backend\login\index.php on line 20
[28-Jun-2017 03:16:07 UTC] PHP Warning:  session_destroy(): Trying to destroy uninitialized session in C:\server\httpd\Apache24\htdocs\backend\login\index.php on line 20
[28-Jun-2017 03:16:07 UTC] PHP Warning:  session_destroy(): Trying to destroy uninitialized session in C:\server\httpd\Apache24\htdocs\backend\login\index.php on line 20
[28-Jun-2017 03:16:07 UTC] PHP Warning:  session_destroy(): Trying to destroy uninitialized session in C:\server\httpd\Apache24\htdocs\backend\login\index.php on line 20
[28-Jun-2017 03:16:07 UTC] PHP Warning:  session_destroy(): Trying to destroy uninitialized session in C:\server\httpd\Apache24\htdocs\backend\login\index.php on line 20
[28-Jun-2017 03:16:07 UTC] PHP Warning:  session_destroy(): Trying to destroy uninitialized session in C:\server\httpd\Apache24\htdocs\backend\login\index.php on line 20
[28-Jun-2017 03:16:07 UTC] PHP Warning:  session_destroy(): Trying to destroy uninitialized session in C:\server\httpd\Apache24\htdocs\backend\login\index.php on line 20
[28-Jun-2017 03:16:07 UTC] PHP Warning:  session_destroy(): Trying to destroy uninitialized session in C:\server\httpd\Apache24\htdocs\backend\login\index.php on line 20
[28-Jun-2017 03:16:07 UTC] PHP Warning:  session_destroy(): Trying to destroy uninitialized session in C:\server\httpd\Apache24\htdocs\backend\login\index.php on line 20
[28-Jun-2017 03:16:07 UTC] PHP Warning:  session_destroy(): Trying to destroy uninitialized session in C:\server\httpd\Apache24\htdocs\backend\login\index.php on line 20
[28-Jun-2017 03:16:07 UTC] PHP Warning:  session_destroy(): Trying to destroy uninitialized session in C:\server\httpd\Apache24\htdocs\backend\login\index.php on line 20
[28-Jun-2017 03:16:07 UTC] PHP Warning:  session_destroy(): Trying to destroy uninitialized session in C:\server\httpd\Apache24\htdocs\backend\login\index.php on line 20
[28-Jun-2017 03:16:07 UTC] PHP Warning:  session_destroy(): Trying to destroy uninitialized session in C:\server\httpd\Apache24\htdocs\backend\login\index.php on line 20
[28-Jun-2017 03:16:07 UTC] PHP Warning:  session_destroy(): Trying to destroy uninitialized session in C:\server\httpd\Apache24\htdocs\backend\login\index.php on line 20
[28-Jun-2017 03:16:07 UTC] PHP Warning:  session_destroy(): Trying to destroy uninitialized session in C:\server\httpd\Apache24\htdocs\backend\login\index.php on line 20
[28-Jun-2017 03:16:07 UTC] PHP Warning:  session_destroy(): Trying to destroy uninitialized session in C:\server\httpd\Apache24\htdocs\backend\login\index.php on line 20
[28-Jun-2017 03:16:07 UTC] PHP Warning:  session_destroy(): Trying to destroy uninitialized session in C:\server\httpd\Apache24\htdocs\backend\login\index.php on line 20
[28-Jun-2017 03:16:29 UTC] PHP Parse error:  syntax error, unexpected '}', expecting end of file in C:\server\httpd\Apache24\htdocs\backend\login\index.php on line 22
[28-Jun-2017 03:18:27 UTC] PHP Notice:  Undefined variable: bye in C:\server\httpd\Apache24\htdocs\backend\login\index.php on line 21
[28-Jun-2017 03:22:32 UTC] PHP Notice:  Undefined variable: bye in C:\server\httpd\Apache24\htdocs\backend\login\index.php on line 23
[28-Jun-2017 03:54:02 UTC] PHP Notice:  Undefined variable: email in C:\server\httpd\Apache24\htdocs\backend\login\index.php on line 3
[28-Jun-2017 03:54:02 UTC] PHP Notice:  Undefined index: logged in C:\server\httpd\Apache24\htdocs\backend\login\index.php on line 23
[28-Jun-2017 03:54:05 UTC] PHP Notice:  Undefined variable: email in C:\server\httpd\Apache24\htdocs\backend\login\index.php on line 3
[28-Jun-2017 03:54:05 UTC] PHP Notice:  Undefined index: logged in C:\server\httpd\Apache24\htdocs\backend\login\index.php on line 23
[28-Jun-2017 03:55:00 UTC] PHP Notice:  Undefined index: logged in C:\server\httpd\Apache24\htdocs\backend\login\index.php on line 23
[04-Jul-2017 02:48:30 UTC] PHP Parse error:  syntax error, unexpected '}' in C:\server\httpd\Apache24\htdocs\backend\login\create_event_form.php on line 22
[04-Jul-2017 02:49:13 UTC] PHP Parse error:  syntax error, unexpected '}' in C:\server\httpd\Apache24\htdocs\backend\login\create_event_form.php on line 22
[04-Jul-2017 02:51:39 UTC] PHP Parse error:  syntax error, unexpected '}' in C:\server\httpd\Apache24\htdocs\backend\login\create_event_form.php on line 22
[04-Jul-2017 02:51:40 UTC] PHP Parse error:  syntax error, unexpected '}' in C:\server\httpd\Apache24\htdocs\backend\login\create_event_form.php on line 22
[04-Jul-2017 02:51:40 UTC] PHP Parse error:  syntax error, unexpected '}' in C:\server\httpd\Apache24\htdocs\backend\login\create_event_form.php on line 22
[04-Jul-2017 02:51:40 UTC] PHP Parse error:  syntax error, unexpected '}' in C:\server\httpd\Apache24\htdocs\backend\login\create_event_form.php on line 22
[04-Jul-2017 02:51:43 UTC] PHP Parse error:  syntax error, unexpected '}' in C:\server\httpd\Apache24\htdocs\backend\login\create_event_form.php on line 22
[04-Jul-2017 02:51:43 UTC] PHP Parse error:  syntax error, unexpected '}' in C:\server\httpd\Apache24\htdocs\backend\login\create_event_form.php on line 22
[04-Jul-2017 02:51:43 UTC] PHP Parse error:  syntax error, unexpected '}' in C:\server\httpd\Apache24\htdocs\backend\login\create_event_form.php on line 22
[04-Jul-2017 02:52:25 UTC] PHP Parse error:  syntax error, unexpected '}' in C:\server\httpd\Apache24\htdocs\backend\login\create_event_form.php on line 22
[04-Jul-2017 02:52:34 UTC] PHP Parse error:  syntax error, unexpected '}' in C:\server\httpd\Apache24\htdocs\backend\login\create_event_form.php on line 22
[04-Jul-2017 02:52:35 UTC] PHP Parse error:  syntax error, unexpected '}' in C:\server\httpd\Apache24\htdocs\backend\login\create_event_form.php on line 22
[04-Jul-2017 02:52:35 UTC] PHP Parse error:  syntax error, unexpected '}' in C:\server\httpd\Apache24\htdocs\backend\login\create_event_form.php on line 22
[04-Jul-2017 02:52:59 UTC] PHP Parse error:  syntax error, unexpected '}' in C:\server\httpd\Apache24\htdocs\backend\login\create_event_form.php on line 22
[04-Jul-2017 02:53:00 UTC] PHP Parse error:  syntax error, unexpected '}' in C:\server\httpd\Apache24\htdocs\backend\login\create_event_form.php on line 22
[04-Jul-2017 02:53:35 UTC] PHP Parse error:  syntax error, unexpected '}' in C:\server\httpd\Apache24\htdocs\backend\login\create_event_form.php on line 22
[04-Jul-2017 02:54:24 UTC] PHP Parse error:  syntax error, unexpected 'mysqli_close' (T_STRING) in C:\server\httpd\Apache24\htdocs\backend\login\create_event_form.php on line 20
[04-Jul-2017 02:54:35 UTC] PHP Parse error:  syntax error, unexpected 'mysqli_close' (T_STRING) in C:\server\httpd\Apache24\htdocs\backend\login\create_event_form.php on line 20
[04-Jul-2017 02:54:36 UTC] PHP Parse error:  syntax error, unexpected 'mysqli_close' (T_STRING) in C:\server\httpd\Apache24\htdocs\backend\login\create_event_form.php on line 20
[04-Jul-2017 02:54:36 UTC] PHP Parse error:  syntax error, unexpected 'mysqli_close' (T_STRING) in C:\server\httpd\Apache24\htdocs\backend\login\create_event_form.php on line 20
[04-Jul-2017 02:54:36 UTC] PHP Parse error:  syntax error, unexpected 'mysqli_close' (T_STRING) in C:\server\httpd\Apache24\htdocs\backend\login\create_event_form.php on line 20
[04-Jul-2017 02:54:46 UTC] PHP Parse error:  syntax error, unexpected '}' in C:\server\httpd\Apache24\htdocs\backend\login\create_event_form.php on line 22
[04-Jul-2017 02:54:58 UTC] PHP Parse error:  syntax error, unexpected '}' in C:\server\httpd\Apache24\htdocs\backend\login\create_event_form.php on line 22
[04-Jul-2017 02:55:41 UTC] PHP Parse error:  syntax error, unexpected '}' in C:\server\httpd\Apache24\htdocs\backend\login\create_event_form.php on line 22
[04-Jul-2017 02:55:44 UTC] PHP Parse error:  syntax error, unexpected '}' in C:\server\httpd\Apache24\htdocs\backend\login\create_event_form.php on line 22
[04-Jul-2017 02:56:06 UTC] PHP Parse error:  syntax error, unexpected 'return' (T_RETURN) in C:\server\httpd\Apache24\htdocs\backend\login\create_event_form.php on line 20
[04-Jul-2017 02:56:45 UTC] PHP Parse error:  syntax error, unexpected '}' in C:\server\httpd\Apache24\htdocs\backend\login\create_event_form.php on line 22
[04-Jul-2017 02:58:09 UTC] PHP Parse error:  syntax error, unexpected '}' in C:\server\httpd\Apache24\htdocs\backend\login\create_event_form.php on line 22
[04-Jul-2017 02:58:27 UTC] PHP Parse error:  syntax error, unexpected '}' in C:\server\httpd\Apache24\htdocs\backend\login\create_event_form.php on line 22
[04-Jul-2017 02:58:28 UTC] PHP Parse error:  syntax error, unexpected '}' in C:\server\httpd\Apache24\htdocs\backend\login\create_event_form.php on line 22
[04-Jul-2017 02:58:28 UTC] PHP Parse error:  syntax error, unexpected '}' in C:\server\httpd\Apache24\htdocs\backend\login\create_event_form.php on line 22
[04-Jul-2017 02:58:28 UTC] PHP Parse error:  syntax error, unexpected '}' in C:\server\httpd\Apache24\htdocs\backend\login\create_event_form.php on line 22
[04-Jul-2017 02:58:28 UTC] PHP Parse error:  syntax error, unexpected '}' in C:\server\httpd\Apache24\htdocs\backend\login\create_event_form.php on line 22
[04-Jul-2017 02:58:29 UTC] PHP Parse error:  syntax error, unexpected '}' in C:\server\httpd\Apache24\htdocs\backend\login\create_event_form.php on line 22
[04-Jul-2017 02:58:29 UTC] PHP Parse error:  syntax error, unexpected '}' in C:\server\httpd\Apache24\htdocs\backend\login\create_event_form.php on line 22
[04-Jul-2017 02:58:29 UTC] PHP Parse error:  syntax error, unexpected '}' in C:\server\httpd\Apache24\htdocs\backend\login\create_event_form.php on line 22
[04-Jul-2017 02:58:29 UTC] PHP Parse error:  syntax error, unexpected '}' in C:\server\httpd\Apache24\htdocs\backend\login\create_event_form.php on line 22
[04-Jul-2017 02:58:30 UTC] PHP Parse error:  syntax error, unexpected '}' in C:\server\httpd\Apache24\htdocs\backend\login\create_event_form.php on line 22
[04-Jul-2017 02:58:30 UTC] PHP Parse error:  syntax error, unexpected '}' in C:\server\httpd\Apache24\htdocs\backend\login\create_event_form.php on line 22
[04-Jul-2017 02:58:30 UTC] PHP Parse error:  syntax error, unexpected '}' in C:\server\httpd\Apache24\htdocs\backend\login\create_event_form.php on line 22
[04-Jul-2017 02:58:30 UTC] PHP Parse error:  syntax error, unexpected '}' in C:\server\httpd\Apache24\htdocs\backend\login\create_event_form.php on line 22
[04-Jul-2017 02:58:31 UTC] PHP Parse error:  syntax error, unexpected '}' in C:\server\httpd\Apache24\htdocs\backend\login\create_event_form.php on line 22
[04-Jul-2017 02:58:31 UTC] PHP Parse error:  syntax error, unexpected '}' in C:\server\httpd\Apache24\htdocs\backend\login\create_event_form.php on line 22
[04-Jul-2017 02:58:31 UTC] PHP Parse error:  syntax error, unexpected '}' in C:\server\httpd\Apache24\htdocs\backend\login\create_event_form.php on line 22
[04-Jul-2017 02:58:31 UTC] PHP Parse error:  syntax error, unexpected '}' in C:\server\httpd\Apache24\htdocs\backend\login\create_event_form.php on line 22
[04-Jul-2017 02:58:33 UTC] PHP Parse error:  syntax error, unexpected '}' in C:\server\httpd\Apache24\htdocs\backend\login\create_event_form.php on line 22
[04-Jul-2017 02:58:36 UTC] PHP Parse error:  syntax error, unexpected '}' in C:\server\httpd\Apache24\htdocs\backend\login\create_event_form.php on line 22
[04-Jul-2017 03:03:22 UTC] PHP Warning:  mysqli_real_escape_string() expects exactly 2 parameters, 1 given in C:\server\httpd\Apache24\htdocs\backend\login\create_event_form.php on line 7
[04-Jul-2017 03:03:22 UTC] PHP Warning:  mysqli_real_escape_string() expects exactly 2 parameters, 1 given in C:\server\httpd\Apache24\htdocs\backend\login\create_event_form.php on line 8
[04-Jul-2017 03:05:30 UTC] PHP Notice:  Undefined variable: success in C:\server\httpd\Apache24\htdocs\backend\login\create_event.php on line 23
[04-Jul-2017 03:18:02 UTC] PHP Notice:  Undefined variable: POST in C:\server\httpd\Apache24\htdocs\backend\login\create_event_form.php on line 36
[04-Jul-2017 13:14:26 UTC] PHP Parse error:  syntax error, unexpected '=' in C:\server\httpd\Apache24\htdocs\backend\login\create_event_form.php on line 26
